\BOOKMARK [-1][-]{part.1}{\376\377\000I\000\040\201\352\165\061\127\072\213\272}{}% 1
\BOOKMARK [0][-]{chapter.1}{\376\377\162\355\116\111\166\370\133\371\213\272\116\016\176\317\121\170\127\072\213\272}{part.1}% 2
\BOOKMARK [1][-]{section.1.1}{\376\377\162\355\116\111\166\370\133\371\213\272}{chapter.1}% 3
\BOOKMARK [2][-]{subsection.1.1.1}{\376\377\000L\000o\000r\000e\000n\000t\000z\123\330\143\142}{section.1.1}% 4
\BOOKMARK [2][-]{subsection.1.1.2}{\376\377\000L\000o\000r\000e\000n\000t\000z\137\040\221\317}{section.1.1}% 5
\BOOKMARK [1][-]{section.1.2}{\376\377\165\065\122\250\122\233\133\146\166\204\123\117\123\330\137\142\137\017}{chapter.1}% 6
\BOOKMARK [1][-]{section.1.3}{\376\377\176\317\121\170\127\072\213\272}{chapter.1}% 7
\BOOKMARK [1][-]{section.1.4}{\376\377\133\371\171\360\140\047\116\016\133\210\140\122\137\213}{chapter.1}% 8
\BOOKMARK [2][-]{subsection.1.4.1}{\376\377\000N\000o\000e\000t\000h\000e\000r\133\232\164\006}{section.1.4}% 9
\BOOKMARK [2][-]{subsection.1.4.2}{\376\377\145\366\172\172\136\163\171\373\133\371\171\360\140\047}{section.1.4}% 10
\BOOKMARK [2][-]{subsection.1.4.3}{\376\377\000L\000o\000r\000e\000n\000t\000z\133\371\171\360\140\047}{section.1.4}% 11
\BOOKMARK [2][-]{subsection.1.4.4}{\376\377\000U\000\050\0001\000\051\133\371\171\360\140\047}{section.1.4}% 12
\BOOKMARK [0][-]{chapter.2}{\376\377\000K\000l\000e\000i\000n\000-\000G\000o\000r\000d\000o\000n\150\007\221\317\127\072\221\317\133\120\123\026}{part.1}% 13
\BOOKMARK [1][-]{section.2.1}{\376\377\000K\000-\000G\127\072\166\204\173\111\145\366\221\317\133\120\123\026}{chapter.2}% 14
\BOOKMARK [2][-]{subsection.2.1.1}{\376\377\176\317\121\170\214\020\143\057\133\120}{section.2.1}% 15
\BOOKMARK [2][-]{subsection.2.1.2}{\376\377\000K\000-\000G\127\072\166\204\221\317\133\120\123\026}{section.2.1}% 16
\BOOKMARK [2][-]{subsection.2.1.3}{\376\377\127\372\140\001\124\214\157\300\123\321\140\001}{section.2.1}% 17
\BOOKMARK [2][-]{subsection.2.1.4}{\376\377\137\122\116\000\123\026}{section.2.1}% 18
\BOOKMARK [2][-]{subsection.2.1.5}{\376\377\127\072\173\227\173\046\166\204\162\151\164\006\124\053\116\111}{section.2.1}% 19
\BOOKMARK [1][-]{section.2.2}{\376\377\000H\000e\000i\000s\000e\000n\000b\000e\000r\000g\176\330\146\157\116\013\166\204\000K\000-\000G\127\072}{chapter.2}% 20
\BOOKMARK [2][-]{subsection.2.2.1}{\376\377\215\037\200\375\211\343\225\356\230\230}{section.2.2}% 21
\BOOKMARK [2][-]{subsection.2.2.2}{\376\377\126\340\147\234\140\047\225\356\230\230}{section.2.2}% 22
\BOOKMARK [2][-]{subsection.2.2.3}{\376\377\126\340\147\234\140\047\166\204\124\016\147\234}{section.2.2}% 23
\BOOKMARK [1][-]{section.2.3}{\376\377\000K\000-\000G\117\040\144\255\133\120}{chapter.2}% 24
\BOOKMARK [2][-]{subsection.2.3.1}{\376\377\143\250\217\337\117\040\144\255\133\120}{section.2.3}% 25
\BOOKMARK [2][-]{subsection.2.3.2}{\376\377\000F\000e\000y\000n\000m\000a\000n\117\040\144\255\133\120}{section.2.3}% 26
\BOOKMARK [0][-]{chapter.3}{\376\377\000D\000i\000r\000a\000c\145\313\221\317\127\072\221\317\133\120\123\026}{part.1}% 27
\BOOKMARK [1][-]{section.3.1}{\376\377\000L\000o\000r\000e\000n\000t\000z\177\244\166\204\145\313\221\317\210\150\171\072}{chapter.3}% 28
\BOOKMARK [2][-]{subsection.3.1.1}{\376\377\000L\000o\000r\000e\000n\000t\000z\177\244\166\204\210\150\171\072}{section.3.1}% 29
\BOOKMARK [2][-]{subsection.3.1.2}{\376\377\000L\000o\000r\000e\000n\000t\000z\177\244\166\204\167\342\221\317\210\150\171\072}{section.3.1}% 30
\BOOKMARK [2][-]{subsection.3.1.3}{\376\377\000L\000o\000r\000e\000n\000t\000z\177\244\166\204\145\313\221\317\210\150\171\072\116\016\000D\000i\000r\000a\000c\000\040\167\351\226\065}{section.3.1}% 31
